Frame number, frame time (s), total iterations, pixels, guessed pixels, precision
   1, 0.0083, 101003, 921600, 0, FPU calcs
   2, 0.1236, 151609, 921600, 0, FPU calcs
   3, 0.1268, 505283, 921600, 0, FPU calcs
   4, 0.1399, 2324228, 921600, 0, FPU calcs
   5, 0.1329, 8590320, 921600, 0, FPU calcs
   6, 0.1241, 35270113, 921600, 0, FPU calcs
   7, 0.1183, 140791190, 921600, 0, FPU calcs
   8, 0.1207, 562323311, 921600, 674006, FPU calcs
   9, 0.1431, 2242268441, 921600, 804958, FPU calcs
  10, 0.1669, 8948931055, 921600, 773826, FPU calcs
  11, 0.1841, 22970041940, 921600, 855370, FPU calcs
  12, 0.1817, 23529267345, 921600, 856800, FPU calcs
  13, 0.1545, 21891042532, 921600, 839965, FPU calcs
  14, 0.1914, 19565668005, 921600, 806373, FPU calcs
  15, 0.2229, 18035632048, 921600, 736891, FPU calcs
  16, 0.2722, 13890706085, 921600, 663814, FPU calcs
  17, 0.3029, 7159418302, 921600, 451759, FPU calcs
  18, 0.3106, 5417886170, 921600, 316783, FPU calcs
  19, 0.2485, 1873005732, 921600, 313706, FPU calcs
  20, 0.2162, 376763188, 921600, 308483, FPU calcs
  21, 0.2459, 1264431351, 921600, 205011, FPU calcs
  22, 0.3111, 4771420770, 921600, 236788, FPU calcs
  23, 0.3440, 13178129613, 921600, 343456, FPU calcs
  24, 0.3658, 19977746049, 921600, 434222, FPU calcs
  25, 0.4067, 19205728004, 921600, 404128, FPU calcs
  26, 0.4410, 12929967445, 921600, 285675, FPU calcs
  27, 0.5243, 8975043353, 921600, 194419, FPU calcs
  28, 0.5494, 3429822663, 921600, 77670, FPU calcs
  29, 0.3772, 615442427, 921600, 45655, FPU calcs
  30, 0.3109, 404170352, 921600, 131927, FPU calcs
  31, 0.2819, 358681520, 921600, 256270, FPU calcs
  32, 0.2826, 364159333, 921600, 294085, FPU calcs
  33, 0.2813, 388177479, 921600, 216224, FPU calcs
  34, 0.3001, 442513504, 921600, 168829, FPU calcs
  35, 0.3661, 572022945, 921600, 64382, FPU calcs
  36, 0.4259, 720372664, 921600, 17801, FPU calcs
  37, 0.4333, 724408529, 921600, 44546, FPU calcs
  38, 0.4080, 679671957, 921600, 95353, FPU calcs
  39, 0.3546, 637430805, 921600, 188835, FPU calcs
  40, 0.3376, 627008381, 921600, 318090, FPU calcs
  41, 0.2638, 606937698, 921600, 570591, FPU calcs
  42, 0.2428, 606522309, 921600, 640001, FPU calcs
  43, 0.2615, 614506660, 921600, 553038, FPU calcs
  44, 0.3096, 626829279, 921600, 434927, FPU calcs
  45, 0.2903, 637052807, 921600, 406268, FPU calcs
  46, 0.3473, 656511630, 921600, 262259, FPU calcs
  47, 0.3452, 664844354, 921600, 307707, FPU calcs
  48, 0.3302, 669838087, 921600, 336059, FPU calcs
  49, 0.3618, 693896554, 921600, 246183, FPU calcs
  50, 0.3451, 686870567, 921600, 330745, FPU calcs
  51, 0.3825, 725677669, 921600, 187147, FPU calcs
  52, 1.1336, 788351607, 921600, 134177, 128 bit calcs
  53, 1.0799, 955776949, 921600, 37839, 128 bit calcs
  54, 1.2762, 1076757688, 921600, 14933, 128 bit calcs
  55, 1.0740, 994850613, 921600, 68549, 128 bit calcs
  56, 0.9636, 960346875, 921600, 155044, 128 bit calcs
  57, 0.8256, 918157130, 921600, 245527, 128 bit calcs
  58, 0.8449, 935479114, 921600, 234865, 128 bit calcs
  59, 0.9359, 954200298, 921600, 174849, 128 bit calcs
  60, 0.9683, 1002032814, 921600, 168902, 128 bit calcs
  61, 1.1442, 1083129327, 921600, 88420, 128 bit calcs
  62, 1.2701, 1183603547, 921600, 71842, 128 bit calcs
  63, 1.3729, 1285598703, 921600, 71458, 128 bit calcs
  64, 1.3794, 1288230157, 921600, 61494, 128 bit calcs
  65, 1.4305, 1316767457, 921600, 39016, 128 bit calcs
  66, 1.6408, 1508635472, 921600, 18170, 128 bit calcs
  67, 1.7625, 1638132969, 921600, 28113, 128 bit calcs
  68, 1.6585, 1604733321, 921600, 58129, 128 bit calcs
  69, 1.7016, 1660180213, 921600, 76778, 128 bit calcs
  70, 1.7381, 1679099132, 921600, 63106, 128 bit calcs
  71, 1.8102, 1688586642, 921600, 49738, 128 bit calcs
  72, 1.8400, 1777450355, 921600, 57614, 128 bit calcs
  73, 2.0610, 1909226661, 921600, 18922, 128 bit calcs
  74, 2.0148, 1909119429, 921600, 27579, 128 bit calcs
  75, 1.7204, 1778645574, 921600, 107468, 128 bit calcs
  76, 1.4370, 1728448720, 921600, 221988, 128 bit calcs
  77, 1.3110, 1728123337, 921600, 315261, 128 bit calcs
  78, 0.8404, 1700841161, 921600, 546178, 128 bit calcs
  79, 0.6963, 1698862544, 921600, 609655, 128 bit calcs
  80, 0.5514, 1692554059, 921600, 693755, 128 bit calcs
  81, 0.6377, 1697649698, 921600, 640967, 128 bit calcs
  82, 0.9683, 1714297470, 921600, 468754, 128 bit calcs
  83, 1.2100, 1729294703, 921600, 338015, 128 bit calcs
  84, 1.0962, 1734942897, 921600, 404207, 128 bit calcs
  85, 1.5569, 1770488209, 921600, 182594, 128 bit calcs
  86, 1.5172, 1788148506, 921600, 212019, 128 bit calcs
  87, 1.1003, 1762832935, 921600, 410402, 128 bit calcs
  88, 1.1306, 1763181601, 921600, 409423, 128 bit calcs
  89, 1.3194, 1778243185, 921600, 303389, 128 bit calcs
  90, 1.1879, 1776548019, 921600, 377151, 128 bit calcs
  91, 1.3358, 1793321767, 921600, 309481, 128 bit calcs
  92, 1.3453, 1799263662, 921600, 302425, 128 bit calcs
  93, 1.3721, 1808501551, 921600, 303959, 128 bit calcs
  94, 1.3702, 1813511896, 921600, 295873, 128 bit calcs
  95, 1.2877, 1820720251, 921600, 338952, 128 bit calcs
  96, 1.5865, 1857821792, 921600, 207369, 128 bit calcs
  97, 1.4296, 1858845278, 921600, 283737, 128 bit calcs
  98, 1.0176, 1834221153, 921600, 479910, 128 bit calcs
  99, 0.8620, 1825597206, 921600, 557286, 128 bit calcs
 100, 1.1381, 1840742847, 921600, 419033, 128 bit calcs
 101, 1.4162, 1862740241, 921600, 292975, 128 bit calcs
 102, 1.5744, 1873656732, 921600, 217510, 128 bit calcs
 103, 1.6126, 1892016259, 921600, 207980, 128 bit calcs
 104, 1.6230, 1899381852, 921600, 205326, 128 bit calcs
 105, 1.6652, 1911790646, 921600, 186568, 128 bit calcs
 106, 1.6532, 1941304196, 921600, 213061, 128 bit calcs
 107, 1.6342, 1926323048, 921600, 207119, 128 bit calcs
 108, 1.8514, 1978158539, 921600, 137946, 128 bit calcs
 109, 1.7797, 1994298766, 921600, 172168, 128 bit calcs
 110, 1.6190, 1953643790, 921600, 218628, 128 bit calcs
 111, 1.6637, 1980368184, 921600, 211712, 128 bit calcs
 112, 1.7042, 2028238871, 921600, 218957, 128 bit calcs
 113, 1.9194, 2075265441, 921600, 141533, 128 bit calcs
 114, 1.7899, 2073407210, 921600, 194211, 128 bit calcs
 115, 1.5738, 2013799779, 921600, 267854, 128 bit calcs
 116, 1.2290, 1999544839, 921600, 412420, 128 bit calcs
 117, 1.2782, 2004660029, 921600, 397885, 128 bit calcs
 118, 1.4523, 2021291252, 921600, 316333, 128 bit calcs
 119, 1.6304, 2048406961, 921600, 248142, 128 bit calcs
 120, 1.4956, 2054781494, 921600, 311107, 128 bit calcs
 121, 1.5515, 2055993523, 921600, 292014, 128 bit calcs
 122, 3.2510, 2059885417, 921600, 344882, 192 bit calcs
 123, 2.7391, 2078080271, 921600, 252440, 192 bit calcs
 124, 2.4484, 2079410396, 921600, 323672, 192 bit calcs
 125, 2.2863, 2092806064, 921600, 386226, 192 bit calcs
 126, 2.4265, 2085589184, 921600, 370626, 192 bit calcs
 127, 2.6970, 2100000999, 921600, 265097, 192 bit calcs
 128, 3.1154, 2108137216, 921600, 299389, 192 bit calcs
 129, 2.5185, 2105664973, 921600, 439770, 192 bit calcs
 130, 1.4823, 2085864310, 921600, 591751, 192 bit calcs
 131, 1.6629, 2091380976, 921600, 550457, 192 bit calcs
 132, 1.1933, 2081017777, 921600, 653514, 192 bit calcs
 133, 1.5810, 2089452535, 921600, 564994, 192 bit calcs
 134, 1.8411, 2098615720, 921600, 490215, 192 bit calcs
 135, 1.6508, 2093597800, 921600, 541279, 192 bit calcs
 136, 1.7761, 2103353243, 921600, 510149, 192 bit calcs
 137, 1.9905, 2114157553, 921600, 466638, 192 bit calcs
 138, 2.0568, 2111372207, 921600, 472863, 192 bit calcs
 139, 3.1522, 2141179432, 921600, 239839, 192 bit calcs
 140, 3.4138, 2168901428, 921600, 193307, 192 bit calcs
 141, 3.3837, 2221208535, 921600, 173828, 192 bit calcs
 142, 3.1764, 2200094770, 921600, 181079, 192 bit calcs
 143, 2.8541, 2187180813, 921600, 256278, 192 bit calcs
 144, 2.8951, 2200528798, 921600, 245373, 192 bit calcs
 145, 2.4963, 2184109768, 921600, 338718, 192 bit calcs
 146, 1.2858, 2161196407, 921600, 625566, 192 bit calcs
 147, 1.0999, 2159858028, 921600, 680414, 192 bit calcs
 148, 1.5833, 2169247211, 921600, 558818, 192 bit calcs
 149, 2.3417, 2188755448, 921600, 378723, 192 bit calcs
 150, 2.2952, 2196876461, 921600, 391743, 192 bit calcs
 151, 2.4452, 2204337178, 921600, 356739, 192 bit calcs
 152, 2.5256, 2205511119, 921600, 336420, 192 bit calcs
 153, 2.1739, 2208835592, 921600, 420842, 192 bit calcs
 154, 2.9996, 2239749591, 921600, 240952, 192 bit calcs
 155, 3.2688, 2268331256, 921600, 180798, 192 bit calcs
 156, 3.0354, 2259615220, 921600, 229224, 192 bit calcs
 157, 2.9980, 2271156531, 921600, 241339, 192 bit calcs
 158, 3.0474, 2282813445, 921600, 239472, 192 bit calcs
 159, 3.4875, 2320806230, 921600, 152433, 192 bit calcs
 160, 3.9389, 2403922402, 921600, 88098, 192 bit calcs
 161, 4.5222, 2569443380, 921600, 27754, 192 bit calcs
 162, 4.7101, 2668311888, 921600, 23934, 192 bit calcs
 163, 4.5304, 2676268421, 921600, 57557, 192 bit calcs
 164, 4.8967, 2804289290, 921600, 32643, 192 bit calcs
 165, 5.4971, 3032635941, 921600, 3872, 192 bit calcs
 166, 5.5670, 3115876429, 921600, 10788, 192 bit calcs
 167, 5.3665, 3103278414, 921600, 35461, 192 bit calcs
 168, 5.1629, 3112795072, 921600, 71618, 192 bit calcs
 169, 4.8525, 3106964740, 921600, 119719, 192 bit calcs
 170, 4.1913, 3029856386, 921600, 201976, 192 bit calcs
 171, 3.9620, 2999070159, 921600, 233160, 192 bit calcs
 172, 2.4591, 2972763099, 921600, 488287, 192 bit calcs
 173, 1.2287, 2955970461, 921600, 713561, 192 bit calcs
 174, 1.1941, 2956403682, 921600, 729261, 192 bit calcs
 175, 1.7443, 2963286186, 921600, 621879, 192 bit calcs
 176, 2.6064, 2979085682, 921600, 468823, 192 bit calcs
 177, 3.6234, 3000157935, 921600, 291811, 192 bit calcs
 178, 3.0468, 3006577775, 921600, 399828, 192 bit calcs
 179, 2.7019, 2993489401, 921600, 459682, 192 bit calcs
 180, 2.5782, 2993626603, 921600, 486943, 192 bit calcs
 181, 2.5094, 2991013413, 921600, 498070, 192 bit calcs
 182, 1.8809, 2981349859, 921600, 597957, 192 bit calcs
 183, 0.9510, 2970042256, 921600, 765345, 192 bit calcs
 184, 3.9444, 2974746427, 921600, 710505, 256 bit calcs
 185, 2.9167, 2977663420, 921600, 694666, 256 bit calcs
 186, 2.5977, 2977728471, 921600, 720065, 256 bit calcs
 187, 3.5156, 2983859142, 921600, 646930, 256 bit calcs
 188, 4.5720, 2993978564, 921600, 564946, 256 bit calcs
 189, 7.1119, 3016437965, 921600, 371588, 256 bit calcs
 190, 7.0594, 3022339216, 921600, 371551, 256 bit calcs
 191, 5.9667, 3024998229, 921600, 462988, 256 bit calcs
 192, 5.6137, 3020730571, 921600, 492743, 256 bit calcs
 193, 5.4974, 3021232430, 921600, 499796, 256 bit calcs
 194, 4.9561, 3016707722, 921600, 539513, 256 bit calcs
 195, 6.1048, 3027688877, 921600, 454783, 256 bit calcs
 196, 6.6272, 3031190117, 921600, 408947, 256 bit calcs
 197, 7.5859, 3051245351, 921600, 341496, 256 bit calcs
 198, 7.1963, 3051031801, 921600, 366850, 256 bit calcs
 199, 7.6216, 3069952426, 921600, 346183, 256 bit calcs
 200, 9.7384, 3104334871, 921600, 189785, 256 bit calcs
 201, 9.1909, 3096211500, 921600, 231219, 256 bit calcs
 202, 6.6253, 3086082197, 921600, 417382, 256 bit calcs
 203, 6.8416, 3094166975, 921600, 405780, 256 bit calcs
 204, 5.9907, 3089336794, 921600, 467105, 256 bit calcs
 205, 5.4392, 3089400476, 921600, 512942, 256 bit calcs
 206, 5.6369, 3097184464, 921600, 498863, 256 bit calcs
 207, 6.3222, 3111775030, 921600, 454437, 256 bit calcs
 208, 6.9831, 3113118309, 921600, 398938, 256 bit calcs
 209, 8.7218, 3128998524, 921600, 270473, 256 bit calcs
 210, 8.8366, 3135532054, 921600, 259876, 256 bit calcs
 211, 7.7795, 3136057306, 921600, 341043, 256 bit calcs
 212, 7.1106, 3135572500, 921600, 394830, 256 bit calcs
 213, 7.4774, 3139701504, 921600, 365322, 256 bit calcs
 214, 8.4938, 3151023579, 921600, 288101, 256 bit calcs
 215, 5.0309, 3126588023, 921600, 539365, 256 bit calcs
 216, 2.3137, 3113693749, 921600, 746496, 256 bit calcs
 217, 3.3541, 3119812037, 921600, 670212, 256 bit calcs
 218, 5.1344, 3131287986, 921600, 536326, 256 bit calcs
 219, 7.8902, 3153895209, 921600, 335288, 256 bit calcs
 220, 7.3774, 3161458837, 921600, 373003, 256 bit calcs
 221, 9.9705, 3198428245, 921600, 195270, 256 bit calcs
 222, 9.3583, 3198627525, 921600, 241603, 256 bit calcs
 223, 7.1354, 3180829083, 921600, 393212, 256 bit calcs
 224, 8.3585, 3190595557, 921600, 308050, 256 bit calcs
 225, 9.0392, 3206107468, 921600, 261631, 256 bit calcs
 226, 6.9679, 3190638860, 921600, 431699, 256 bit calcs
 227, 6.3903, 3201112276, 921600, 472743, 256 bit calcs
 228, 6.4718, 3195952381, 921600, 451521, 256 bit calcs
 229, 6.8729, 3198852917, 921600, 417199, 256 bit calcs
 230, 6.7292, 3198889633, 921600, 426420, 256 bit calcs
 231, 7.8134, 3211306773, 921600, 350319, 256 bit calcs
 232, 8.4128, 3232321168, 921600, 313704, 256 bit calcs
 233, 5.6433, 3209158628, 921600, 508124, 256 bit calcs
 234, 3.3051, 3192226684, 921600, 676717, 256 bit calcs
 235, 2.0320, 3187400612, 921600, 775242, 256 bit calcs
 236, 2.8490, 3191727245, 921600, 713787, 256 bit calcs
 237, 4.2360, 3200724475, 921600, 612377, 256 bit calcs
 238, 5.5876, 3210944218, 921600, 518691, 256 bit calcs
 239, 5.9416, 3215037688, 921600, 490323, 256 bit calcs
 240, 6.2634, 3217961732, 921600, 461893, 256 bit calcs
 241, 8.4354, 3235284203, 921600, 310918, 256 bit calcs
 242, 9.6301, 3259090888, 921600, 231570, 256 bit calcs
 243, 9.8321, 3264735228, 921600, 225589, 256 bit calcs
 244, 6.7675, 3242256857, 921600, 428451, 256 bit calcs
 245, 3.0171, 3221020313, 921600, 699792, 256 bit calcs
 246, 6.2211, 3223014296, 921600, 682818, 320 bit calcs
 247, 6.0141, 3229845388, 921600, 588013, 320 bit calcs
 248, 8.1187, 3242668585, 921600, 478636, 320 bit calcs
 249, 7.7119, 3239857123, 921600, 494283, 320 bit calcs
 250, 9.0366, 3251629299, 921600, 428305, 320 bit calcs
 251, 10.2766, 3260553306, 921600, 363681, 320 bit calcs
 252, 10.5185, 3271680423, 921600, 353643, 320 bit calcs
 253, 13.1533, 3303478898, 921600, 217017, 320 bit calcs
 254, 12.2692, 3328493391, 921600, 270325, 320 bit calcs
 255, 13.1012, 3323936713, 921600, 225529, 320 bit calcs
 256, 10.5165, 3314096842, 921600, 361869, 320 bit calcs
 257, 13.2839, 3350128711, 921600, 219828, 320 bit calcs
 258, 15.2814, 3416150351, 921600, 133500, 320 bit calcs
 259, 14.0457, 3406520386, 921600, 193725, 320 bit calcs
 260, 13.1584, 3374590630, 921600, 231869, 320 bit calcs
 261, 13.5303, 3396678530, 921600, 219284, 320 bit calcs
 262, 11.6446, 3394253210, 921600, 313023, 320 bit calcs
 263, 8.9794, 3375466733, 921600, 446718, 320 bit calcs
 264, 10.0605, 3381804157, 921600, 390595, 320 bit calcs
 265, 10.6055, 3396806645, 921600, 363947, 320 bit calcs
 266, 9.1376, 3386594577, 921600, 441538, 320 bit calcs
 267, 6.6133, 3374374078, 921600, 569878, 320 bit calcs
 268, 5.7377, 3371730494, 921600, 615813, 320 bit calcs
 269, 9.8409, 3391233398, 921600, 406212, 320 bit calcs
 270, 13.4779, 3414488874, 921600, 219702, 320 bit calcs
 271, 13.1667, 3426345364, 921600, 240326, 320 bit calcs
 272, 11.2687, 3422832778, 921600, 335021, 320 bit calcs
 273, 12.6085, 3441069719, 921600, 273349, 320 bit calcs
 274, 13.3513, 3475062831, 921600, 244349, 320 bit calcs
 275, 13.4319, 3472536985, 921600, 237560, 320 bit calcs
 276, 12.5142, 3474134094, 921600, 280861, 320 bit calcs
 277, 12.7371, 3485704540, 921600, 273444, 320 bit calcs
 278, 12.9774, 3490269161, 921600, 257118, 320 bit calcs
 279, 11.9170, 3497154939, 921600, 317508, 320 bit calcs
 280, 11.6456, 3512140008, 921600, 338816, 320 bit calcs
 281, 12.9304, 3509271898, 921600, 263824, 320 bit calcs
 282, 10.6665, 3508270255, 921600, 378826, 320 bit calcs
 283, 11.7032, 3528849386, 921600, 337635, 320 bit calcs
 284, 10.6662, 3518560594, 921600, 379316, 320 bit calcs
 285, 5.4945, 3497603740, 921600, 635541, 320 bit calcs
 286, 6.0067, 3501392179, 921600, 617818, 320 bit calcs
 287, 6.8800, 3505720647, 921600, 574115, 320 bit calcs
 288, 10.9776, 3527612274, 921600, 368646, 320 bit calcs
 289, 12.3373, 3540760464, 921600, 301207, 320 bit calcs
 290, 10.3443, 3540977496, 921600, 399668, 320 bit calcs
 291, 10.8622, 3542825260, 921600, 375905, 320 bit calcs
 292, 11.3141, 3549807182, 921600, 355258, 320 bit calcs
 293, 12.5914, 3558159803, 921600, 289724, 320 bit calcs
 294, 8.0944, 3540387825, 921600, 521331, 320 bit calcs
 295, 4.8281, 3528209680, 921600, 675864, 320 bit calcs
 296, 6.3899, 3534216909, 921600, 602875, 320 bit calcs
 297, 7.7567, 3540360670, 921600, 533195, 320 bit calcs
 298, 6.6032, 3537461872, 921600, 588745, 320 bit calcs
 299, 7.6817, 3543397825, 921600, 536476, 320 bit calcs
 300, 7.9228, 3544250587, 921600, 523572, 320 bit calcs
 301, 9.3808, 3553641724, 921600, 457387, 320 bit calcs
 302, 10.2555, 3563265661, 921600, 413787, 320 bit calcs
 303, 12.1038, 3576465740, 921600, 321304, 320 bit calcs
 304, 12.6260, 3581836425, 921600, 291266, 320 bit calcs
 305, 13.2817, 3595379000, 921600, 266895, 320 bit calcs
 306, 12.9564, 3604239516, 921600, 285485, 320 bit calcs
 307, 12.7790, 3606268742, 921600, 292734, 320 bit calcs
 308, 13.6358, 3590386265, 921600, 543303, 384 bit calcs
 309, 4.3561, 3576905947, 921600, 746401, 384 bit calcs
 310, 5.4665, 3580237575, 921600, 704437, 384 bit calcs
 311, 7.5874, 3588395733, 921600, 621177, 384 bit calcs
 312, 12.4322, 3606129423, 921600, 430595, 384 bit calcs
 313, 13.7423, 3621307733, 921600, 384703, 384 bit calcs
 314, 14.1650, 3635892645, 921600, 373403, 384 bit calcs
 315, 14.7736, 3627820722, 921600, 339835, 384 bit calcs
 316, 15.6394, 3640914829, 921600, 312983, 384 bit calcs
 317, 18.3678, 3668989631, 921600, 219633, 384 bit calcs
 318, 19.0549, 3713172634, 921600, 202074, 384 bit calcs
 319, 22.7897, 3819450666, 921600, 96640, 384 bit calcs
 320, 24.4648, 3913618372, 921600, 58898, 384 bit calcs
 321, 22.9844, 3900721204, 921600, 101097, 384 bit calcs
 322, 20.2415, 3812170090, 921600, 178299, 384 bit calcs
 323, 15.6767, 3765383868, 921600, 329028, 384 bit calcs
 324, 9.8976, 3748446503, 921600, 533739, 384 bit calcs
 325, 12.7757, 3760445600, 921600, 429955, 384 bit calcs
 326, 13.6491, 3767924176, 921600, 399092, 384 bit calcs
 327, 13.7866, 3770574329, 921600, 395790, 384 bit calcs
 328, 17.6917, 3790830777, 921600, 253543, 384 bit calcs
 329, 13.8153, 3781114690, 921600, 408998, 384 bit calcs
 330, 16.1713, 3802123991, 921600, 314279, 384 bit calcs
 331, 18.8162, 3830302794, 921600, 218732, 384 bit calcs
 332, 19.4267, 3828280889, 921600, 195446, 384 bit calcs
 333, 19.3549, 3842152968, 921600, 200116, 384 bit calcs
 334, 16.6750, 3840754824, 921600, 295790, 384 bit calcs
 335, 9.4441, 3819476871, 921600, 556276, 384 bit calcs
 336, 3.4910, 3805841059, 921600, 783447, 384 bit calcs
 337, 4.5661, 3809028548, 921600, 743259, 384 bit calcs
 338, 8.5601, 3820099233, 921600, 593964, 384 bit calcs
 339, 10.7422, 3830021204, 921600, 512842, 384 bit calcs
 340, 16.5465, 3856738117, 921600, 304910, 384 bit calcs
 341, 18.5334, 3877888734, 921600, 237475, 384 bit calcs
 342, 16.2116, 3876178695, 921600, 324313, 384 bit calcs
 343, 15.9083, 3881872892, 921600, 333726, 384 bit calcs
 344, 19.0348, 3894398938, 921600, 220662, 384 bit calcs
 345, 21.1007, 3911572805, 921600, 237327, 384 bit calcs
 346, 19.2762, 3922914089, 921600, 231915, 384 bit calcs
 347, 19.5165, 3934412102, 921600, 220353, 384 bit calcs
 348, 20.8411, 3962550709, 921600, 184037, 384 bit calcs
 349, 21.2449, 3972600371, 921600, 167555, 384 bit calcs
 350, 21.3593, 3997466439, 921600, 171197, 384 bit calcs
 351, 20.4945, 3989109791, 921600, 193989, 384 bit calcs
 352, 21.8350, 4025392651, 921600, 159535, 384 bit calcs
 353, 19.1095, 3995409817, 921600, 242683, 384 bit calcs
 354, 13.4989, 3970339107, 921600, 432863, 384 bit calcs
 355, 13.8656, 3974688694, 921600, 427989, 384 bit calcs
 356, 15.4646, 3981978577, 921600, 373530, 384 bit calcs
 357, 16.9189, 3989073936, 921600, 318478, 384 bit calcs
 358, 16.0907, 3993077244, 921600, 350227, 384 bit calcs
 359, 19.0747, 4022184478, 921600, 251051, 384 bit calcs
 360, 20.1025, 4027058042, 921600, 215772, 384 bit calcs
 361, 18.0122, 4038052820, 921600, 292325, 384 bit calcs
 362, 14.8771, 4021162204, 921600, 395041, 384 bit calcs
 363, 13.6552, 4018846242, 921600, 435891, 384 bit calcs
 364, 11.8207, 4019711838, 921600, 503295, 384 bit calcs
 365, 7.4972, 4008680901, 921600, 653053, 384 bit calcs
 366, 8.7382, 4012585818, 921600, 612468, 384 bit calcs
 367, 11.5663, 4022671222, 921600, 514957, 384 bit calcs
 368, 13.9686, 4031802108, 921600, 427839, 384 bit calcs
 369, 17.0079, 4044257880, 921600, 320115, 384 bit calcs
 370, 34.9211, 4065370094, 921600, 214112, 448 bit calcs
 371, 25.6337, 4093474923, 921600, 209066, 448 bit calcs
 372, 27.1869, 4093971046, 921600, 166948, 448 bit calcs
 373, 26.6573, 4124241705, 921600, 193668, 448 bit calcs
 374, 27.4635, 4157728097, 921600, 178352, 448 bit calcs
 375, 21.0218, 4108029705, 921600, 336130, 448 bit calcs
 376, 18.0158, 4096768988, 921600, 411894, 448 bit calcs
 377, 20.3269, 4111588219, 921600, 356778, 448 bit calcs
 378, 22.7881, 4119557975, 921600, 289993, 448 bit calcs
 379, 21.1727, 4122811832, 921600, 332338, 448 bit calcs
 380, 21.5932, 4132283397, 921600, 322506, 448 bit calcs
 381, 24.8382, 4153624307, 921600, 244129, 448 bit calcs
 382, 26.9694, 4199094285, 921600, 191961, 448 bit calcs
 383, 31.4746, 4295259965, 921600, 100798, 448 bit calcs
 384, 33.2703, 4359178203, 921600, 70660, 448 bit calcs
 385, 30.9763, 4310670692, 921600, 113136, 448 bit calcs
 386, 28.7606, 4289753234, 921600, 165581, 448 bit calcs
 387, 25.4382, 4265522013, 921600, 255182, 448 bit calcs
 388, 23.8026, 4275389418, 921600, 287531, 448 bit calcs
 389, 16.2897, 4248657604, 921600, 485499, 448 bit calcs
 390, 6.1417, 4228480458, 921600, 746449, 448 bit calcs
 391, 5.2517, 4228203465, 921600, 775758, 448 bit calcs
 392, 7.8897, 4233300636, 921600, 703470, 448 bit calcs
 393, 13.3454, 4244417361, 921600, 558785, 448 bit calcs
 394, 20.6977, 4263106366, 921600, 365683, 448 bit calcs
 395, 24.7801, 4280283291, 921600, 259052, 448 bit calcs
 396, 25.1654, 4296154592, 921600, 253430, 448 bit calcs
 397, 21.3478, 4291162720, 921600, 350291, 448 bit calcs
 398, 20.7807, 4287856664, 921600, 364136, 448 bit calcs
 399, 18.4657, 4285309713, 921600, 425329, 448 bit calcs
 400, 19.9209, 4293713776, 921600, 388812, 448 bit calcs
 401, 22.9951, 4305537336, 921600, 307150, 448 bit calcs
 402, 21.8692, 4310743842, 921600, 341996, 448 bit calcs
 403, 18.9155, 4304629619, 921600, 416380, 448 bit calcs
 404, 21.5335, 4313882556, 921600, 348437, 448 bit calcs
 405, 25.2473, 4332745342, 921600, 257024, 448 bit calcs
 406, 29.3854, 4367246540, 921600, 163698, 448 bit calcs
 407, 31.7087, 4434900443, 921600, 118581, 448 bit calcs
 408, 35.5423, 4572708467, 921600, 56925, 448 bit calcs
 409, 35.9572, 4622115216, 921600, 54573, 448 bit calcs
 410, 36.1381, 4640378364, 921600, 54521, 448 bit calcs
 411, 35.8559, 4638104466, 921600, 58371, 448 bit calcs
 412, 34.9938, 4649948870, 921600, 79345, 448 bit calcs
 413, 36.6695, 4716093540, 921600, 55426, 448 bit calcs
 414, 36.5963, 4700688078, 921600, 53352, 448 bit calcs
 415, 39.1484, 4844208714, 921600, 24460, 448 bit calcs
 416, 40.9320, 4955527017, 921600, 8074, 448 bit calcs
 417, 39.3134, 4974480641, 921600, 34554, 448 bit calcs
 418, 37.0337, 4924292401, 921600, 80556, 448 bit calcs
 419, 36.4532, 5014755321, 921600, 102619, 448 bit calcs
 420, 37.3272, 5010764737, 921600, 81002, 448 bit calcs
 421, 34.6916, 4954857968, 921600, 130508, 448 bit calcs
 422, 32.1301, 4927113353, 921600, 177956, 448 bit calcs
 423, 27.3612, 4875414943, 921600, 276277, 448 bit calcs
 424, 30.4822, 4877191357, 921600, 205466, 448 bit calcs
 425, 33.7855, 4896240436, 921600, 203917, 448 bit calcs
 426, 29.7493, 4898111184, 921600, 229901, 448 bit calcs
 427, 30.2666, 4921238773, 921600, 217187, 448 bit calcs
 428, 35.6480, 4986776117, 921600, 117262, 448 bit calcs
 429, 32.0423, 4968046760, 921600, 188021, 448 bit calcs
 430, 30.3082, 4943161825, 921600, 218842, 448 bit calcs
 431, 33.1021, 4974779381, 921600, 164113, 448 bit calcs
 432, 57.6365, 5023851989, 921600, 170154, 512 bit calcs
 433, 48.1381, 5118111717, 921600, 82158, 512 bit calcs
 434, 54.0133, 5277037089, 921600, 19106, 512 bit calcs
 435, 53.9400, 5331544605, 921600, 24660, 512 bit calcs
 436, 52.8056, 5393905481, 921600, 49822, 512 bit calcs
 437, 51.5382, 5340779549, 921600, 63120, 512 bit calcs
 438, 50.1022, 5306466736, 921600, 78639, 512 bit calcs
 439, 44.9026, 5235941990, 921600, 144794, 512 bit calcs
 440, 38.9838, 5219912109, 921600, 239291, 512 bit calcs
 441, 32.6757, 5221663903, 921600, 342649, 512 bit calcs
 442, 33.8069, 5219682776, 921600, 320456, 512 bit calcs
 443, 32.8205, 5220359022, 921600, 341609, 512 bit calcs
 444, 35.7713, 5226661820, 921600, 286281, 512 bit calcs
 445, 35.1068, 5231305423, 921600, 299558, 512 bit calcs
 446, 32.3662, 5238510051, 921600, 349203, 512 bit calcs
 447, 26.4297, 5229147036, 921600, 453457, 512 bit calcs
 448, 36.5710, 5240058844, 921600, 324928, 512 bit calcs
 449, 33.5579, 5240186718, 921600, 347732, 512 bit calcs
 450, 34.0715, 5249065111, 921600, 342283, 512 bit calcs
 451, 44.2534, 5282015783, 921600, 200226, 512 bit calcs
 452, 46.0904, 5317846069, 921600, 212259, 512 bit calcs
 453, 45.4677, 5320402243, 921600, 197506, 512 bit calcs
 454, 39.4723, 5303729433, 921600, 290768, 512 bit calcs
 455, 34.7901, 5308502383, 921600, 322798, 512 bit calcs
 456, 43.9140, 5346811018, 921600, 181592, 512 bit calcs
 457, 44.3870, 5398309368, 921600, 185500, 512 bit calcs
 458, 48.4066, 5429626185, 921600, 144995, 512 bit calcs
 459, 41.0957, 5378514196, 921600, 224881, 512 bit calcs
 460, 34.3885, 5373344443, 921600, 333217, 512 bit calcs
 461, 28.7483, 5367156471, 921600, 428341, 512 bit calcs
 462, 34.6414, 5377467451, 921600, 337118, 512 bit calcs
 463, 29.4559, 5371891421, 921600, 416624, 512 bit calcs
 464, 10.3178, 5346477175, 921600, 733601, 512 bit calcs
 465, 9.0613, 5346524038, 921600, 764179, 512 bit calcs
 466, 14.2952, 5352766790, 921600, 670864, 512 bit calcs
 467, 24.5400, 5369271550, 921600, 499370, 512 bit calcs
 468, 26.2572, 5378033797, 921600, 477093, 512 bit calcs
 469, 36.2514, 5379146128, 921600, 504656, 512 bit calcs
 470, 33.3902, 5385935679, 921600, 448025, 512 bit calcs
 471, 43.7160, 5405345318, 921600, 331753, 512 bit calcs
 472, 50.0211, 5440154996, 921600, 205733, 512 bit calcs
 473, 53.6492, 5505342412, 921600, 158305, 512 bit calcs
 474, 44.0218, 5481056515, 921600, 292604, 512 bit calcs
 475, 50.0961, 5459306349, 921600, 198287, 512 bit calcs
 476, 46.4660, 5471508962, 921600, 238890, 512 bit calcs
 477, 46.7273, 5486815708, 921600, 242277, 512 bit calcs
 478, 45.7133, 5497631174, 921600, 200619, 512 bit calcs
 479, 41.8464, 5518294692, 921600, 230930, 512 bit calcs
 480, 45.3112, 5519034608, 921600, 179258, 512 bit calcs
 481, 44.6344, 5554516497, 921600, 194095, 512 bit calcs
 482, 48.8244, 5600398653, 921600, 144442, 512 bit calcs
 483, 51.9777, 5654882164, 921600, 96768, 512 bit calcs
 484, 51.6098, 5666244725, 921600, 105123, 512 bit calcs
 485, 53.5301, 5729783945, 921600, 89445, 512 bit calcs
 486, 54.5963, 5741836076, 921600, 72005, 512 bit calcs
 487, 54.3927, 5754449086, 921600, 77661, 512 bit calcs
 488, 53.8270, 5782287965, 921600, 92777, 512 bit calcs
 489, 53.9416, 5797753611, 921600, 92767, 512 bit calcs
 490, 52.4597, 5785244654, 921600, 106240, 512 bit calcs
 491, 50.9369, 5799131520, 921600, 134349, 512 bit calcs
 492, 46.7300, 5736893480, 921600, 182670, 512 bit calcs
 493, 39.1121, 5723429035, 921600, 291928, 512 bit calcs
 494, 60.3363, 5723248663, 921600, 337178, 576 bit calcs
 495, 48.8292, 5739871946, 921600, 265947, 576 bit calcs
 496, 52.9366, 5757668323, 921600, 218086, 576 bit calcs
 497, 54.8021, 5789060944, 921600, 198330, 576 bit calcs
 498, 48.9622, 5815922886, 921600, 280391, 576 bit calcs
 499, 42.5015, 5776876999, 921600, 355690, 576 bit calcs
 500, 39.7332, 5762510726, 921600, 384888, 576 bit calcs
 501, 39.8565, 5772024404, 921600, 392485, 576 bit calcs
 502, 48.4304, 5790846800, 921600, 272061, 576 bit calcs
 503, 43.4035, 5794653946, 921600, 340696, 576 bit calcs
 504, 56.5267, 5839152956, 921600, 180348, 576 bit calcs
 505, 59.3873, 5907579451, 921600, 160053, 576 bit calcs
 506, 63.0544, 5946002239, 921600, 119070, 576 bit calcs
 507, 59.7118, 5912495116, 921600, 149817, 576 bit calcs
 508, 56.5656, 5884707712, 921600, 205284, 576 bit calcs
 509, 51.1866, 5880219084, 921600, 329169, 576 bit calcs
 510, 53.5804, 5904814318, 921600, 237716, 576 bit calcs
 511, 58.2248, 5956836403, 921600, 172881, 576 bit calcs
 512, 65.6549, 6047521997, 921600, 100791, 576 bit calcs
 513, 69.6563, 6109094687, 921600, 64363, 576 bit calcs
 514, 69.2063, 6129564014, 921600, 71269, 576 bit calcs
 515, 67.7820, 6147341636, 921600, 86502, 576 bit calcs
 516, 68.3022, 6189419047, 921600, 88107, 576 bit calcs
 517, 71.9010, 6281458522, 921600, 59375, 576 bit calcs
 518, 73.6724, 6374573889, 921600, 52578, 576 bit calcs
 519, 68.6600, 6335572495, 921600, 96588, 576 bit calcs
 520, 60.8163, 6329706750, 921600, 181331, 576 bit calcs
 521, 56.2252, 6326642713, 921600, 233711, 576 bit calcs
 522, 52.8461, 6333969067, 921600, 276146, 576 bit calcs
 523, 53.2012, 6328421153, 921600, 269747, 576 bit calcs
 524, 53.1005, 6339696459, 921600, 273283, 576 bit calcs
 525, 50.1128, 6348646975, 921600, 309522, 576 bit calcs
 526, 40.6245, 6345318726, 921600, 419341, 576 bit calcs
 527, 64.0430, 6390046806, 921600, 152594, 576 bit calcs
 528, 64.6695, 6441219330, 921600, 154804, 576 bit calcs
 529, 77.0551, 6592770488, 921600, 43904, 576 bit calcs
 530, 83.1864, 6778870890, 921600, 7954, 576 bit calcs
 531, 79.3615, 6732538742, 921600, 31674, 576 bit calcs
 532, 77.8478, 6791796877, 921600, 53458, 576 bit calcs
 533, 81.9451, 6862748779, 921600, 27851, 576 bit calcs
 534, 85.5111, 7016240424, 921600, 7842, 576 bit calcs
 535, 85.3062, 7103824548, 921600, 17936, 576 bit calcs
 536, 82.8459, 7112407447, 921600, 41393, 576 bit calcs
 537, 81.7286, 7141659203, 921600, 54779, 576 bit calcs
 538, 76.4375, 7127627476, 921600, 105042, 576 bit calcs
 539, 69.0611, 7073561081, 921600, 167942, 576 bit calcs
 540, 58.5263, 7053308358, 921600, 273862, 576 bit calcs
 541, 46.5851, 7051490181, 921600, 399836, 576 bit calcs
 542, 65.1345, 7087167607, 921600, 209617, 576 bit calcs
 543, 68.6743, 7126812495, 921600, 178586, 576 bit calcs
 544, 64.9797, 7119178081, 921600, 213686, 576 bit calcs
 545, 59.7554, 7106879258, 921600, 263655, 576 bit calcs
 546, 56.2889, 7115717701, 921600, 305646, 576 bit calcs
 547, 50.2097, 7119112187, 921600, 371030, 576 bit calcs
 548, 58.5664, 7138847901, 921600, 281114, 576 bit calcs
 549, 48.9453, 7133133947, 921600, 386875, 576 bit calcs
 550, 48.4612, 7133692810, 921600, 388022, 576 bit calcs
 551, 49.5927, 7139943190, 921600, 377342, 576 bit calcs
 552, 54.1774, 7157277568, 921600, 331223, 576 bit calcs
 553, 50.8978, 7157662496, 921600, 365157, 576 bit calcs
 554, 48.1396, 7163734842, 921600, 396269, 576 bit calcs
 555, 48.4766, 7160279503, 921600, 387153, 576 bit calcs
 556, 103.0677, 7187924710, 921600, 221905, 640 bit calcs
 557, 76.2705, 7210475790, 921600, 203688, 640 bit calcs
 558, 82.6797, 7247102371, 921600, 155273, 640 bit calcs
 559, 74.5220, 7226491922, 921600, 225181, 640 bit calcs
 560, 76.2237, 7238260031, 921600, 209047, 640 bit calcs
 561, 67.7565, 7231468465, 921600, 281362, 640 bit calcs
 562, 60.9299, 7231559431, 921600, 342251, 640 bit calcs
 563, 66.1107, 7248942196, 921600, 314210, 640 bit calcs
 564, 64.4806, 7250340782, 921600, 318839, 640 bit calcs
 565, 64.4040, 7271002096, 921600, 322247, 640 bit calcs
 566, 71.2168, 7275582235, 921600, 259771, 640 bit calcs
 567, 49.5995, 7266126433, 921600, 453398, 640 bit calcs
 568, 48.4847, 7273412227, 921600, 469844, 640 bit calcs
 569, 50.3583, 7270187782, 921600, 449193, 640 bit calcs
 570, 58.3863, 7276698188, 921600, 373531, 640 bit calcs
 571, 54.1040, 7276801671, 921600, 410862, 640 bit calcs
 572, 57.4524, 7289411945, 921600, 388041, 640 bit calcs
 573, 54.6418, 7295383637, 921600, 413074, 640 bit calcs
 574, 56.8500, 7294024039, 921600, 391616, 640 bit calcs
 575, 64.5128, 7301769089, 921600, 315737, 640 bit calcs
 576, 63.9160, 7307085003, 921600, 322609, 640 bit calcs
 577, 67.7766, 7323953199, 921600, 293183, 640 bit calcs
 578, 78.8072, 7352081699, 921600, 197091, 640 bit calcs
 579, 78.8399, 7373800072, 921600, 204696, 640 bit calcs
 580, 81.8588, 7380105873, 921600, 174064, 640 bit calcs
 581, 71.8355, 7363461630, 921600, 280292, 640 bit calcs
 582, 42.6294, 7343328282, 921600, 516277, 640 bit calcs
 583, 47.9735, 7350374876, 921600, 475967, 640 bit calcs
 584, 39.2552, 7341558232, 921600, 549716, 640 bit calcs
 585, 40.2606, 7344027178, 921600, 542303, 640 bit calcs
 586, 56.4672, 7363387326, 921600, 398404, 640 bit calcs
 587, 69.9859, 7383888346, 921600, 277994, 640 bit calcs
 588, 80.8484, 7424101641, 921600, 188186, 640 bit calcs
 589, 69.8650, 7412904489, 921600, 282739, 640 bit calcs
 590, 62.4139, 7402890105, 921600, 344530, 640 bit calcs
 591, 77.2863, 7424443162, 921600, 214172, 640 bit calcs
 592, 80.6934, 7445595989, 921600, 185671, 640 bit calcs
 593, 81.9098, 7463424767, 921600, 179292, 640 bit calcs
 594, 76.3017, 7472240075, 921600, 225183, 640 bit calcs
 595, 70.2337, 7478717682, 921600, 281041, 640 bit calcs
 596, 57.6828, 7476647106, 921600, 390547, 640 bit calcs
 597, 74.1548, 7498618977, 921600, 250156, 640 bit calcs
 598, 62.8868, 7499140188, 921600, 348514, 640 bit calcs
 599, 83.0696, 7542301033, 921600, 178110, 640 bit calcs
 600, 87.9927, 7616387402, 921600, 150929, 640 bit calcs
 601, 96.0286, 7698124720, 921600, 94202, 640 bit calcs
 602, 103.2473, 7815065342, 921600, 51247, 640 bit calcs
 603, 103.4772, 7814406850, 921600, 49477, 640 bit calcs
 604, 98.6601, 7761088547, 921600, 76406, 640 bit calcs
 605, 87.2350, 7703941199, 921600, 158241, 640 bit calcs
 606, 78.0238, 7686786661, 921600, 229806, 640 bit calcs
 607, 68.2846, 7687541377, 921600, 313347, 640 bit calcs
 608, 72.1230, 7696848629, 921600, 280997, 640 bit calcs
 609, 78.5872, 7717241963, 921600, 229778, 640 bit calcs
 610, 85.0414, 7747620861, 921600, 181011, 640 bit calcs
 611, 94.8535, 7824903257, 921600, 112405, 640 bit calcs
 612, 106.6086, 7962753306, 921600, 40415, 640 bit calcs
 613, 111.1210, 8073697432, 921600, 27526, 640 bit calcs
 614, 104.5884, 8031441775, 921600, 59022, 640 bit calcs
 615, 95.5190, 8019181001, 921600, 123058, 640 bit calcs
 616, 84.4218, 7971692254, 921600, 202522, 640 bit calcs
 617, 62.0930, 7941387366, 921600, 381033, 640 bit calcs
 618, 112.8763, 7950608274, 921600, 325009, 704 bit calcs
 619, 88.9224, 7955965940, 921600, 265100, 704 bit calcs
 620, 86.3892, 7961508551, 921600, 279344, 704 bit calcs
 621, 83.0829, 7968879521, 921600, 308236, 704 bit calcs
 622, 64.1390, 7964371639, 921600, 445331, 704 bit calcs
 623, 77.1794, 7969181513, 921600, 350591, 704 bit calcs
 624, 88.5074, 7987241028, 921600, 271453, 704 bit calcs
 625, 102.8312, 8016903425, 921600, 175437, 704 bit calcs
 626, 106.3712, 8070912906, 921600, 161872, 704 bit calcs
 627, 120.8691, 8182815687, 921600, 78415, 704 bit calcs
 628, 130.4854, 8324374864, 921600, 37884, 704 bit calcs
 629, 136.1481, 8432157726, 921600, 10383, 704 bit calcs
 630, 134.0804, 8458881284, 921600, 23587, 704 bit calcs
 631, 128.9139, 8557391304, 921600, 63156, 704 bit calcs
 632, 128.9915, 8611165997, 921600, 68691, 704 bit calcs
 633, 129.5268, 8576124303, 921600, 60672, 704 bit calcs
 634, 134.0308, 8678753539, 921600, 45753, 704 bit calcs
 635, 144.9946, 8900455346, 921600, 5235, 704 bit calcs
 636, 147.0295, 9060528248, 921600, 6653, 704 bit calcs
 637, 144.9894, 9098531305, 921600, 19767, 704 bit calcs
 638, 145.3513, 9176511765, 921600, 24718, 704 bit calcs
 639, 138.1880, 9195826549, 921600, 63983, 704 bit calcs
 640, 121.5441, 9126837617, 921600, 148191, 704 bit calcs
 641, 101.6535, 9109233258, 921600, 264619, 704 bit calcs
 642, 100.4150, 9121276812, 921600, 274566, 704 bit calcs
 643, 89.2260, 9135510759, 921600, 349767, 704 bit calcs
 644, 95.5859, 9128154949, 921600, 306875, 704 bit calcs
 645, 93.7120, 9135346762, 921600, 317799, 704 bit calcs
 646, 81.6759, 9136776475, 921600, 390706, 704 bit calcs
 647, 116.6205, 9173675631, 921600, 185072, 704 bit calcs
 648, 116.7451, 9216783930, 921600, 188854, 704 bit calcs
 649, 136.6737, 9327741607, 921600, 80131, 704 bit calcs
 650, 136.5187, 9351259063, 921600, 87103, 704 bit calcs
 651, 134.7218, 9345299658, 921600, 88350, 704 bit calcs
 652, 136.1086, 9403996965, 921600, 88444, 704 bit calcs
 653, 146.9904, 9510947203, 921600, 39457, 704 bit calcs
 654, 154.3861, 9636857008, 921600, 13972, 704 bit calcs
 655, 156.1025, 9750190922, 921600, 14614, 704 bit calcs
 656, 150.6544, 9728983032, 921600, 40380, 704 bit calcs
 657, 149.5127, 9799349719, 921600, 49803, 704 bit calcs
 658, 156.8546, 9912357153, 921600, 21661, 704 bit calcs
 659, 158.0675, 9932904240, 921600, 16732, 704 bit calcs
 660, 156.0299, 10008377164, 921600, 32172, 704 bit calcs
 661, 146.8794, 10000331346, 921600, 76174, 704 bit calcs
 662, 146.1226, 10038866003, 921600, 84577, 704 bit calcs
 663, 152.5712, 10134297038, 921600, 59477, 704 bit calcs
 664, 159.5358, 10211524512, 921600, 30953, 704 bit calcs
 665, 149.3902, 10190739073, 921600, 76662, 704 bit calcs
 666, 143.7313, 10222231091, 921600, 108190, 704 bit calcs
 667, 107.9102, 10155015024, 921600, 289987, 704 bit calcs
 668, 78.1891, 10142853752, 921600, 458441, 704 bit calcs
 669, 79.3703, 10147357226, 921600, 453703, 704 bit calcs
 670, 81.6453, 10151825926, 921600, 444576, 704 bit calcs
 671, 97.0910, 10156647922, 921600, 353333, 704 bit calcs
 672, 129.7988, 10182369933, 921600, 172867, 704 bit calcs
 673, 129.5038, 10198541579, 921600, 175519, 704 bit calcs
 674, 130.9421, 10216342407, 921600, 175593, 704 bit calcs
 675, 129.2572, 10232259990, 921600, 179821, 704 bit calcs
 676, 122.2863, 10240863430, 921600, 219842, 704 bit calcs
 677, 114.4533, 10245180978, 921600, 264620, 704 bit calcs
 678, 118.2233, 10261502254, 921600, 243932, 704 bit calcs
 679, 133.7902, 10299201573, 921600, 163849, 704 bit calcs
 680, 226.2762, 10385232871, 921600, 103985, 768 bit calcs
 681, 178.7912, 10515290933, 921600, 62950, 768 bit calcs
 682, 190.7373, 10646904857, 921600, 19822, 768 bit calcs
 683, 199.8572, 10882483879, 921600, 1721, 768 bit calcs
 684, 203.4132, 11090647098, 921600, 2449, 768 bit calcs
 685, 204.7144, 11196559692, 921600, 6774, 768 bit calcs
 686, 199.9514, 11231625976, 921600, 22890, 768 bit calcs
 687, 194.4931, 11277657936, 921600, 48374, 768 bit calcs
 688, 188.7635, 11326368415, 921600, 72629, 768 bit calcs
 689, 178.3200, 11351535363, 921600, 115297, 768 bit calcs
 690, 161.4430, 11340629868, 921600, 184686, 768 bit calcs
 691, 157.6694, 11321792061, 921600, 198595, 768 bit calcs
 692, 138.8030, 11318388136, 921600, 278945, 768 bit calcs
 693, 144.3427, 11325049980, 921600, 259312, 768 bit calcs
 694, 132.4848, 11327229510, 921600, 306585, 768 bit calcs
 695, 118.9297, 11333673401, 921600, 370769, 768 bit calcs
 696, 98.9846, 11328367155, 921600, 457982, 768 bit calcs
 697, 120.2277, 11336923204, 921600, 363424, 768 bit calcs
 698, 151.0651, 11363603278, 921600, 228409, 768 bit calcs
 699, 152.8875, 11390536328, 921600, 224306, 768 bit calcs
 700, 177.4051, 11455764350, 921600, 128384, 768 bit calcs
 701, 198.4729, 11561939671, 921600, 53703, 768 bit calcs
 702, 215.8147, 11777072807, 921600, 5681, 768 bit calcs
 703, 211.2920, 11819382919, 921600, 21597, 768 bit calcs
 704, 195.9166, 11744552481, 921600, 73928, 768 bit calcs
 705, 180.9460, 11738329778, 921600, 128572, 768 bit calcs
 706, 167.3968, 11703654154, 921600, 181790, 768 bit calcs
 707, 152.6132, 11676374449, 921600, 238654, 768 bit calcs
 708, 138.1071, 11685256626, 921600, 303337, 768 bit calcs
 709, 102.2312, 11666773342, 921600, 458269, 768 bit calcs
 710, 142.9343, 11687015738, 921600, 281703, 768 bit calcs
 711, 138.8056, 11692249656, 921600, 295765, 768 bit calcs
 712, 120.7638, 11694850825, 921600, 377298, 768 bit calcs
 713, 133.5206, 11702227598, 921600, 320873, 768 bit calcs
 714, 124.1197, 11714676302, 921600, 367726, 768 bit calcs
 715, 130.7150, 11721912541, 921600, 335299, 768 bit calcs
 716, 114.5143, 11716932917, 921600, 405382, 768 bit calcs
 717, 103.9780, 11720754365, 921600, 453335, 768 bit calcs
 718, 135.7898, 11731658969, 921600, 317801, 768 bit calcs
 719, 133.6481, 11735167975, 921600, 324809, 768 bit calcs
 720, 134.6821, 11743657765, 921600, 318893, 768 bit calcs
 721, 152.7778, 11765201640, 921600, 245526, 768 bit calcs
 722, 146.8928, 11767076181, 921600, 288920, 768 bit calcs
 723, 163.8360, 11804555560, 921600, 206388, 768 bit calcs
 724, 170.7736, 11871460492, 921600, 184683, 768 bit calcs
 725, 170.6627, 11848137313, 921600, 184142, 768 bit calcs
 726, 122.4460, 11803132428, 921600, 372741, 768 bit calcs
 727, 123.8379, 11804884476, 921600, 372497, 768 bit calcs
 728, 145.6258, 11816365580, 921600, 276931, 768 bit calcs
 729, 149.6323, 11823721910, 921600, 258181, 768 bit calcs
 730, 122.9965, 11819727250, 921600, 371598, 768 bit calcs
 731, 138.5905, 11838074099, 921600, 311527, 768 bit calcs
 732, 127.6300, 11839341845, 921600, 353060, 768 bit calcs
 733, 165.6580, 11872420360, 921600, 197831, 768 bit calcs
 734, 174.5592, 11927869689, 921600, 169516, 768 bit calcs
 735, 209.4696, 12079748731, 921600, 45751, 768 bit calcs
 736, 224.0537, 12274047286, 921600, 6943, 768 bit calcs
 737, 219.5119, 12276978067, 921600, 21814, 768 bit calcs
 738, 219.8215, 12365582358, 921600, 26419, 768 bit calcs
 739, 220.8460, 12484135236, 921600, 30689, 768 bit calcs
 740, 216.1540, 12522237380, 921600, 46883, 768 bit calcs
 741, 229.6540, 12724073794, 921600, 15988, 768 bit calcs
 742, 354.0955, 12960500774, 921600, 4388, 832 bit calcs
 743, 269.9667, 13174049287, 921600, 4768, 832 bit calcs
